[2025-05-19 22:30:56] Intentando conectar a: smtp.hostinger.com:465 con cuenta: noreply@utinnova.co
[2025-05-20 01:11:48] Intentando conectar a: smtp.hostinger.com:465 con cuenta: noreply@utinnova.co
[2025-05-20 01:11:50] Intentando conectar a: smtp.hostinger.com:465 con cuenta: noreply@utinnova.co
[2025-05-20 01:18:22] Intentando conectar a: smtp.hostinger.com:465 con cuenta: noreply@utinnova.co
[2025-05-20 01:18:25] Intentando conectar a: smtp.hostinger.com:465 con cuenta: noreply@utinnova.co
[2025-05-20 01:18:27] Intentando conectar a: smtp.hostinger.com:465 con cuenta: noreply@utinnova.co
[2025-05-23 15:57:29] Intentando conectar a: smtp.hostinger.com:465 con cuenta: noreply@utinnova.co
[2025-07-16 02:46:04] Intentando conectar a: smtp.hostinger.com:465 con cuenta: notificaciones@utinnova.co
[2025-07-17 23:10:23] Intentando conectar a: smtp.hostinger.com:465 con cuenta: notificaciones@utinnova.co
[2025-07-17 23:12:45] Intentando conectar a: smtp.hostinger.com:465 con cuenta: noreply@utinnova.co
[2025-07-19 00:17:41] Intentando conectar a: smtp.hostinger.com:465 con cuenta: noreply@utinnova.co
[2025-07-21 20:41:39] Intentando conectar a: smtp-relay.brevo.com
:587 con cuenta: 928c52002@smtp-brevo.com

[2025-07-21 20:41:40] Error en envío: SMTP Error: Could not connect to SMTP host. Failed to connect to server
[2025-07-21 20:41:40] Excepción capturada: SMTP Error: Could not connect to SMTP host. Failed to connect to server
[2025-07-21 20:42:21] Intentando conectar a: smtp.hostinger.com:465 con cuenta: noreply@utinnova.co
[2025-07-21 22:34:52] Intentando conectar a: smtp-relay.brevo.com
:587 con cuenta: 928c52002@smtp-brevo.com

[2025-07-21 22:34:52] Error en envío: SMTP Error: Could not connect to SMTP host. Failed to connect to server
[2025-07-21 22:34:52] Excepción capturada: SMTP Error: Could not connect to SMTP host. Failed to connect to server
[2025-07-21 22:36:57] Intentando conectar a: smtp-relay.brevo.com:587 con cuenta: 928c52002@smtp-brevo.com
[2025-07-21 22:36:57] Error en envío: SMTP Error: Could not connect to SMTP host. Failed to connect to server
[2025-07-21 22:36:57] Excepción capturada: SMTP Error: Could not connect to SMTP host. Failed to connect to server
[2025-07-21 22:55:20] Intentando conectar a: smtp-relay.brevo.com:587 con cuenta: 928c52002@smtp-brevo.com
[2025-07-21 22:55:21] Error en envío: SMTP Error: Could not connect to SMTP host. Failed to connect to server
[2025-07-21 22:55:21] Excepción capturada: SMTP Error: Could not connect to SMTP host. Failed to connect to server
[2025-07-21 23:06:51] Intentando conectar a: smtp-relay.brevo.com:587 con cuenta: noreply@utinnova.co
[2025-07-21 23:06:52] Error en envío: SMTP Error: Could not connect to SMTP host. Failed to connect to server
[2025-07-21 23:06:52] Excepción capturada: SMTP Error: Could not connect to SMTP host. Failed to connect to server
[2025-07-21 23:10:55] Intentando conectar a: smtp-relay.brevo.com:587 con cuenta: noreply@utinnova.co
[2025-07-21 23:10:55] Error en envío: SMTP Error: Could not connect to SMTP host. Failed to connect to server
[2025-07-21 23:10:55] Excepción capturada: SMTP Error: Could not connect to SMTP host. Failed to connect to server
[2025-07-21 23:17:13] Intentando conectar a: smtp-relay.brevo.com:587 con cuenta: noreply@utinnova.co
[2025-07-21 23:17:14] Error en envío: SMTP Error: Could not connect to SMTP host. Failed to connect to server
[2025-07-21 23:17:14] Excepción capturada: SMTP Error: Could not connect to SMTP host. Failed to connect to server
[2025-07-21 23:19:19] Intentando conectar a: smtp-relay.brevo.com:587 con cuenta: noreply@utinnova.co
[2025-07-21 23:19:21] Error en envío: SMTP Error: Could not authenticate.
[2025-07-21 23:19:21] Excepción capturada: SMTP Error: Could not authenticate.
[2025-07-21 23:22:07] Intentando conectar a: smtp-relay.brevo.com:587 con cuenta: 928c52002@smtp-brevo.com
[2025-07-21 23:57:26] Intentando conectar a: smtp-relay.brevo.com:587 con cuenta: 928c52002@smtp-brevo.com
[2025-10-08 01:10:39] Intentando conectar a: smtp-relay.brevo.com:587 con cuenta: 928c52002@smtp-brevo.com
[2025-10-08 21:20:41] Intentando conectar a: smtp-relay.brevo.com:587 con cuenta: 928c52002@smtp-brevo.com
[2025-10-08 21:20:41] Imagen demasiado grande: 1249525 bytes
[2025-10-08 21:22:25] Intentando conectar a: smtp-relay.brevo.com:587 con cuenta: 928c52002@smtp-brevo.com
[2025-10-08 21:22:25] Imagen demasiado grande: 2854597 bytes
[2025-10-08 21:24:17] Intentando conectar a: smtp-relay.brevo.com:587 con cuenta: 928c52002@smtp-brevo.com
[2025-10-08 21:24:17] Imagen demasiado grande: 2854597 bytes
[2025-10-08 21:25:14] Intentando conectar a: smtp-relay.brevo.com:587 con cuenta: 928c52002@smtp-brevo.com
[2025-10-08 21:25:32] Intentando conectar a: smtp-relay.brevo.com:587 con cuenta: 928c52002@smtp-brevo.com
[2025-10-15 23:04:57] Intentando conectar a: smtp-relay.brevo.com:587 con cuenta: 928c52002@smtp-brevo.com
[2025-10-15 23:04:57] Imagen demasiado grande: 825598 bytes
[2025-10-15 23:07:36] Intentando conectar a: smtp-relay.brevo.com:587 con cuenta: 928c52002@smtp-brevo.com
[2025-10-15 23:07:36] Imagen demasiado grande: 825598 bytes
